2014-05-20 11:29:33.452 FlurryFlakes[22679:70b] Multi-tasking -> Device: YES, App: YES
2014-05-20 11:29:33.628 FlurryFlakes[22679:70b] Resetting plugins due to page load.
2014-05-20 11:29:33.831 FlurryFlakes[22679:70b] Finished load of: file:///Users/olafjanssen/Library/Application%20Support/iPhone%20Simulator/7.1/Applications/34D27242-46FC-4ACE-A89B-FD00846A139B/FlurryFlakes.app/www/index.html
2014-05-20 11:45:16.801 FlurryFlakes[24312:70b] Multi-tasking -> Device: YES, App: YES
2014-05-20 11:45:20.885 FlurryFlakes[24312:70b] Resetting plugins due to page load.
2014-05-20 11:45:21.795 FlurryFlakes[24312:70b] Finished load of: file:///Users/olafjanssen/Library/Application%20Support/iPhone%20Simulator/7.1/Applications/34D27242-46FC-4ACE-A89B-FD00846A139B/FlurryFlakes.app/www/index.html
2014-05-20 11:48:21.231 FlurryFlakes[24312:70b] CDVPlugin class CDVAccelerometer (pluginName: Accelerometer) does not exist.
2014-05-20 11:48:21.232 FlurryFlakes[24312:70b] ERROR: Plugin 'Accelerometer' not found, or is not a CDVPlugin. Check your plugin mapping in config.xml.
2014-05-20 11:48:21.232 FlurryFlakes[24312:70b] -[CDVCommandQueue executePending] [Line 158] FAILED pluginJSON = [
  "Accelerometer410315463",
  "Accelerometer",
  "start",
  [

  ]
]
2014-05-20 11:48:32.185 FlurryFlakes[24312:70b] CDVPlugin class CDVAccelerometer (pluginName: Accelerometer) does not exist.
2014-05-20 11:48:32.191 FlurryFlakes[24312:70b] ERROR: Plugin 'Accelerometer' not found, or is not a CDVPlugin. Check your plugin mapping in config.xml.
2014-05-20 11:48:32.191 FlurryFlakes[24312:70b] -[CDVCommandQueue executePending] [Line 158] FAILED pluginJSON = [
  "INVALID",
  "Accelerometer",
  "stop",
  [

  ]
]
2014-05-20 11:48:34.005 FlurryFlakes[24312:70b] CDVPlugin class CDVAccelerometer (pluginName: Accelerometer) does not exist.
2014-05-20 11:48:34.006 FlurryFlakes[24312:70b] ERROR: Plugin 'Accelerometer' not found, or is not a CDVPlugin. Check your plugin mapping in config.xml.
2014-05-20 11:48:34.006 FlurryFlakes[24312:70b] -[CDVCommandQueue executePending] [Line 158] FAILED pluginJSON = [
  "Accelerometer410315464",
  "Accelerometer",
  "start",
  [

  ]
]
